[2026-06-10 21:38:01] ========================================
[2026-06-10 21:38:01] Iniciando creación de 5 contenedores...
[2026-06-10 21:38:01] ========================================
[2026-06-10 21:38:01]   [1/5] Tipo: BAJO → alpine sleep 240
[2026-06-10 21:38:01]   └─ ✓ Creado: sopes1_1781149081341463919_1
[2026-06-10 21:38:01]   [2/5] Tipo: ALTO_CPU → alpine + bucle bc
[2026-06-10 21:38:01]   └─ ✓ Creado: sopes1_1781149081922480576_2
[2026-06-10 21:38:01]   [3/5] Tipo: BAJO → alpine sleep 240
[2026-06-10 21:38:01]   └─ ✓ Creado: sopes1_1781149082478624996_3
[2026-06-10 21:38:01]   [4/5] Tipo: ALTO_CPU → alpine + bucle bc
[2026-06-10 21:38:01]   └─ ✓ Creado: sopes1_1781149083031006160_4
[2026-06-10 21:38:01]   [5/5] Tipo: BAJO → alpine sleep 240
[2026-06-10 21:38:01]   └─ ✓ Creado: sopes1_1781149083593631121_5
[2026-06-10 21:38:01] ----------------------------------------
[2026-06-10 21:38:01] Resumen: 5 creados, 0 fallidos
[2026-06-10 21:38:01] Contenedores sopes1 activos ahora:
[2026-06-10 21:38:01] ========================================
[2026-06-10 21:40:01] ========================================
[2026-06-10 21:40:01] Iniciando creación de 5 contenedores...
[2026-06-10 21:40:01] ========================================
[2026-06-10 21:40:01]   [1/5] Tipo: ALTO_RAM → roldyoran/go-client
[2026-06-10 21:40:01]   └─ ✓ Creado: sopes1_1781149201235324363_1
[2026-06-10 21:40:01]   [2/5] Tipo: ALTO_CPU → alpine + bucle bc
[2026-06-10 21:40:01]   └─ ✓ Creado: sopes1_1781149201850314521_2
[2026-06-10 21:40:01]   [3/5] Tipo: BAJO → alpine sleep 240
[2026-06-10 21:40:01]   └─ ✓ Creado: sopes1_1781149202417312408_3
[2026-06-10 21:40:01]   [4/5] Tipo: ALTO_RAM → roldyoran/go-client
[2026-06-10 21:40:01]   └─ ✓ Creado: sopes1_1781149202963469649_4
[2026-06-10 21:40:01]   [5/5] Tipo: ALTO_RAM → roldyoran/go-client
[2026-06-10 21:40:01]   └─ ✓ Creado: sopes1_1781149203522414836_5
[2026-06-10 21:40:01] ----------------------------------------
[2026-06-10 21:40:01] Resumen: 5 creados, 0 fallidos
[2026-06-10 21:40:01] Contenedores sopes1 activos ahora:
[2026-06-10 21:40:01] ========================================
[2026-06-10 21:42:01] ========================================
[2026-06-10 21:42:01] Iniciando creación de 5 contenedores...
[2026-06-10 21:42:01] ========================================
[2026-06-10 21:42:01]   [1/5] Tipo: BAJO → alpine sleep 240
[2026-06-10 21:42:01]   └─ ✓ Creado: sopes1_1781149321158200794_1
[2026-06-10 21:42:01]   [2/5] Tipo: ALTO_CPU → alpine + bucle bc
[2026-06-10 21:42:01]   └─ ✓ Creado: sopes1_1781149321739926494_2
[2026-06-10 21:42:01]   [3/5] Tipo: BAJO → alpine sleep 240
[2026-06-10 21:42:01]   └─ ✓ Creado: sopes1_1781149322302286050_3
[2026-06-10 21:42:01]   [4/5] Tipo: ALTO_CPU → alpine + bucle bc
[2026-06-10 21:42:01]   └─ ✓ Creado: sopes1_1781149322880430277_4
[2026-06-10 21:42:01]   [5/5] Tipo: ALTO_RAM → roldyoran/go-client
[2026-06-10 21:42:01]   └─ ✓ Creado: sopes1_1781149323441611402_5
[2026-06-10 21:42:01] ----------------------------------------
[2026-06-10 21:42:01] Resumen: 5 creados, 0 fallidos
[2026-06-10 21:42:01] Contenedores sopes1 activos ahora:
[2026-06-10 21:42:01] ========================================
[2026-06-10 21:44:01] ========================================
[2026-06-10 21:44:01] Iniciando creación de 5 contenedores...
[2026-06-10 21:44:01] ========================================
[2026-06-10 21:44:01]   [1/5] Tipo: ALTO_CPU → alpine + bucle bc
[2026-06-10 21:44:01]   └─ ✓ Creado: sopes1_1781149441078566345_1
[2026-06-10 21:44:01]   [2/5] Tipo: BAJO → alpine sleep 240
[2026-06-10 21:44:01]   └─ ✓ Creado: sopes1_1781149441628816606_2
[2026-06-10 21:44:01]   [3/5] Tipo: ALTO_RAM → roldyoran/go-client
[2026-06-10 21:44:01]   └─ ✓ Creado: sopes1_1781149442197592709_3
[2026-06-10 21:44:01]   [4/5] Tipo: ALTO_RAM → roldyoran/go-client
[2026-06-10 21:44:01]   └─ ✓ Creado: sopes1_1781149442747947832_4
[2026-06-10 21:44:01]   [5/5] Tipo: ALTO_CPU → alpine + bucle bc
[2026-06-10 21:44:01]   └─ ✓ Creado: sopes1_1781149443365283335_5
[2026-06-10 21:44:01] ----------------------------------------
[2026-06-10 21:44:01] Resumen: 5 creados, 0 fallidos
[2026-06-10 21:44:01] Contenedores sopes1 activos ahora:
[2026-06-10 21:44:01] ========================================
[2026-06-10 22:02:01] ========================================
[2026-06-10 22:02:01] Iniciando creación de 5 contenedores...
[2026-06-10 22:02:01] ========================================
[2026-06-10 22:02:01]   [1/5] Tipo: ALTO_RAM → roldyoran/go-client
[2026-06-10 22:02:01]   └─ ✓ Creado: sopes1_1781150522004816572_1
[2026-06-10 22:02:01]   [2/5] Tipo: ALTO_RAM → roldyoran/go-client
[2026-06-10 22:02:01]   └─ ✓ Creado: sopes1_1781150522564020442_2
[2026-06-10 22:02:01]   [3/5] Tipo: BAJO → alpine sleep 240
[2026-06-10 22:02:01]   └─ ✓ Creado: sopes1_1781150523100247636_3
[2026-06-10 22:02:01]   [4/5] Tipo: BAJO → alpine sleep 240
[2026-06-10 22:02:01]   └─ ✓ Creado: sopes1_1781150523647012990_4
[2026-06-10 22:02:01]   [5/5] Tipo: BAJO → alpine sleep 240
[2026-06-10 22:02:01]   └─ ✓ Creado: sopes1_1781150524208264797_5
[2026-06-10 22:02:01] ----------------------------------------
[2026-06-10 22:02:01] Resumen: 5 creados, 0 fallidos
[2026-06-10 22:02:01] Contenedores sopes1 activos ahora:
[2026-06-10 22:02:01] ========================================
[2026-06-10 22:04:01] ========================================
[2026-06-10 22:04:01] Iniciando creación de 5 contenedores...
[2026-06-10 22:04:01] ========================================
[2026-06-10 22:04:01]   [1/5] Tipo: ALTO_RAM → roldyoran/go-client
[2026-06-10 22:04:01]   └─ ✓ Creado: sopes1_1781150641840688292_1
[2026-06-10 22:04:01]   [2/5] Tipo: ALTO_RAM → roldyoran/go-client
[2026-06-10 22:04:01]   └─ ✓ Creado: sopes1_1781150642429716196_2
[2026-06-10 22:04:01]   [3/5] Tipo: ALTO_CPU → alpine + bucle bc
[2026-06-10 22:04:01]   └─ ✓ Creado: sopes1_1781150642989713748_3
[2026-06-10 22:04:01]   [4/5] Tipo: ALTO_CPU → alpine + bucle bc
[2026-06-10 22:04:01]   └─ ✓ Creado: sopes1_1781150643588419689_4
[2026-06-10 22:04:01]   [5/5] Tipo: BAJO → alpine sleep 240
[2026-06-10 22:04:01]   └─ ✓ Creado: sopes1_1781150644169766864_5
[2026-06-10 22:04:01] ----------------------------------------
[2026-06-10 22:04:01] Resumen: 5 creados, 0 fallidos
[2026-06-10 22:04:01] Contenedores sopes1 activos ahora:
[2026-06-10 22:04:01] ========================================
[2026-06-10 22:06:01] ========================================
[2026-06-10 22:06:01] Iniciando creación de 5 contenedores...
[2026-06-10 22:06:01] ========================================
[2026-06-10 22:06:01]   [1/5] Tipo: BAJO → alpine sleep 240
[2026-06-10 22:06:01]   └─ ✓ Creado: sopes1_1781150761827813130_1
[2026-06-10 22:06:01]   [2/5] Tipo: ALTO_CPU → alpine + bucle bc
[2026-06-10 22:06:01]   └─ ✓ Creado: sopes1_1781150762420857720_2
[2026-06-10 22:06:01]   [3/5] Tipo: ALTO_CPU → alpine + bucle bc
[2026-06-10 22:06:01]   └─ ✓ Creado: sopes1_1781150762975479563_3
[2026-06-10 22:06:01]   [4/5] Tipo: ALTO_CPU → alpine + bucle bc
[2026-06-10 22:06:01]   └─ ✓ Creado: sopes1_1781150763540706934_4
[2026-06-10 22:06:01]   [5/5] Tipo: ALTO_CPU → alpine + bucle bc
[2026-06-10 22:06:01]   └─ ✓ Creado: sopes1_1781150764104545724_5
[2026-06-10 22:06:01] ----------------------------------------
[2026-06-10 22:06:01] Resumen: 5 creados, 0 fallidos
[2026-06-10 22:06:01] Contenedores sopes1 activos ahora:
[2026-06-10 22:06:01] ========================================
[2026-06-12 10:04:01] ========================================
[2026-06-12 10:04:01] Iniciando creación de 5 contenedores...
[2026-06-12 10:04:01] ========================================
[2026-06-12 10:04:01]   [1/5] Tipo: ALTO_CPU → alpine + bucle bc
[2026-06-12 10:04:01]   └─ ✓ Creado: sopes1_1781280241111245196_1
[2026-06-12 10:04:01]   [2/5] Tipo: BAJO → alpine sleep 240
[2026-06-12 10:04:01]   └─ ✓ Creado: sopes1_1781280241776177764_2
[2026-06-12 10:04:01]   [3/5] Tipo: ALTO_CPU → alpine + bucle bc
[2026-06-12 10:04:01]   └─ ✓ Creado: sopes1_1781280242317868688_3
[2026-06-12 10:04:01]   [4/5] Tipo: ALTO_RAM → roldyoran/go-client
[2026-06-12 10:04:01]   └─ ✓ Creado: sopes1_1781280242873382159_4
[2026-06-12 10:04:01]   [5/5] Tipo: ALTO_RAM → roldyoran/go-client
[2026-06-12 10:04:01]   └─ ✓ Creado: sopes1_1781280243423207413_5
[2026-06-12 10:04:01] ----------------------------------------
[2026-06-12 10:04:01] Resumen: 5 creados, 0 fallidos
[2026-06-12 10:04:01] Contenedores sopes1 activos ahora:
[2026-06-12 10:04:01] ========================================
[2026-06-12 10:06:01] ========================================
[2026-06-12 10:06:01] Iniciando creación de 5 contenedores...
[2026-06-12 10:06:01] ========================================
[2026-06-12 10:06:01]   [1/5] Tipo: ALTO_CPU → alpine + bucle bc
[2026-06-12 10:06:01]   └─ ✓ Creado: sopes1_1781280361068197068_1
[2026-06-12 10:06:01]   [2/5] Tipo: ALTO_CPU → alpine + bucle bc
[2026-06-12 10:06:01]   └─ ✓ Creado: sopes1_1781280361624343145_2
[2026-06-12 10:06:01]   [3/5] Tipo: ALTO_RAM → roldyoran/go-client
[2026-06-12 10:06:01]   └─ ✓ Creado: sopes1_1781280362170218040_3
[2026-06-12 10:06:01]   [4/5] Tipo: ALTO_CPU → alpine + bucle bc
[2026-06-12 10:06:01]   └─ ✓ Creado: sopes1_1781280362735415683_4
[2026-06-12 10:06:01]   [5/5] Tipo: ALTO_CPU → alpine + bucle bc
[2026-06-12 10:06:01]   └─ ✓ Creado: sopes1_1781280363287977579_5
[2026-06-12 10:06:01] ----------------------------------------
[2026-06-12 10:06:01] Resumen: 5 creados, 0 fallidos
[2026-06-12 10:06:01] Contenedores sopes1 activos ahora:
[2026-06-12 10:06:01] ========================================
[2026-06-12 10:08:01] ========================================
[2026-06-12 10:08:01] Iniciando creación de 5 contenedores...
[2026-06-12 10:08:01] ========================================
[2026-06-12 10:08:01]   [1/5] Tipo: BAJO → alpine sleep 240
[2026-06-12 10:08:01]   └─ ✓ Creado: sopes1_1781280481978718894_1
[2026-06-12 10:08:01]   [2/5] Tipo: ALTO_RAM → roldyoran/go-client
[2026-06-12 10:08:01]   └─ ✓ Creado: sopes1_1781280482590057084_2
[2026-06-12 10:08:01]   [3/5] Tipo: ALTO_RAM → roldyoran/go-client
[2026-06-12 10:08:01]   └─ ✓ Creado: sopes1_1781280483137003632_3
[2026-06-12 10:08:01]   [4/5] Tipo: ALTO_RAM → roldyoran/go-client
[2026-06-12 10:08:01]   └─ ✓ Creado: sopes1_1781280483677235923_4
[2026-06-12 10:08:01]   [5/5] Tipo: ALTO_RAM → roldyoran/go-client
[2026-06-12 10:08:01]   └─ ✓ Creado: sopes1_1781280484217831201_5
[2026-06-12 10:08:01] ----------------------------------------
[2026-06-12 10:08:01] Resumen: 5 creados, 0 fallidos
[2026-06-12 10:08:01] Contenedores sopes1 activos ahora:
[2026-06-12 10:08:01] ========================================
[2026-06-12 10:10:01] ========================================
[2026-06-12 10:10:01] Iniciando creación de 5 contenedores...
[2026-06-12 10:10:01] ========================================
[2026-06-12 10:10:01]   [1/5] Tipo: BAJO → alpine sleep 240
[2026-06-12 10:10:01]   └─ ✓ Creado: sopes1_1781280601862777478_1
[2026-06-12 10:10:01]   [2/5] Tipo: BAJO → alpine sleep 240
[2026-06-12 10:10:01]   └─ ✓ Creado: sopes1_1781280602412364386_2
[2026-06-12 10:10:01]   [3/5] Tipo: ALTO_CPU → alpine + bucle bc
[2026-06-12 10:10:01]   └─ ✓ Creado: sopes1_1781280602958135795_3
[2026-06-12 10:10:01]   [4/5] Tipo: ALTO_RAM → roldyoran/go-client
[2026-06-12 10:10:01]   └─ ✓ Creado: sopes1_1781280603503413027_4
[2026-06-12 10:10:01]   [5/5] Tipo: BAJO → alpine sleep 240
[2026-06-12 10:10:01]   └─ ✓ Creado: sopes1_1781280604046105411_5
[2026-06-12 10:10:01] ----------------------------------------
[2026-06-12 10:10:01] Resumen: 5 creados, 0 fallidos
[2026-06-12 10:10:01] Contenedores sopes1 activos ahora:
[2026-06-12 10:10:01] ========================================
[2026-06-12 10:12:01] ========================================
[2026-06-12 10:12:01] Iniciando creación de 5 contenedores...
[2026-06-12 10:12:01] ========================================
[2026-06-12 10:12:01]   [1/5] Tipo: BAJO → alpine sleep 240
[2026-06-12 10:12:01]   └─ ✓ Creado: sopes1_1781280721655253994_1
[2026-06-12 10:12:01]   [2/5] Tipo: BAJO → alpine sleep 240
[2026-06-12 10:12:01]   └─ ✓ Creado: sopes1_1781280722201361166_2
[2026-06-12 10:12:01]   [3/5] Tipo: BAJO → alpine sleep 240
[2026-06-12 10:12:01]   └─ ✓ Creado: sopes1_1781280722816906527_3
[2026-06-12 10:12:01]   [4/5] Tipo: ALTO_RAM → roldyoran/go-client
[2026-06-12 10:12:01]   └─ ✓ Creado: sopes1_1781280723379918104_4
[2026-06-12 10:12:01]   [5/5] Tipo: ALTO_RAM → roldyoran/go-client
[2026-06-12 10:12:01]   └─ ✓ Creado: sopes1_1781280723932610516_5
[2026-06-12 10:12:01] ----------------------------------------
[2026-06-12 10:12:01] Resumen: 5 creados, 0 fallidos
[2026-06-12 10:12:01] Contenedores sopes1 activos ahora:
[2026-06-12 10:12:01] ========================================
[2026-06-12 10:14:01] ========================================
[2026-06-12 10:14:01] Iniciando creación de 5 contenedores...
[2026-06-12 10:14:01] ========================================
[2026-06-12 10:14:01]   [1/5] Tipo: BAJO → alpine sleep 240
[2026-06-12 10:14:01]   └─ ✓ Creado: sopes1_1781280841562759950_1
[2026-06-12 10:14:01]   [2/5] Tipo: BAJO → alpine sleep 240
[2026-06-12 10:14:01]   └─ ✓ Creado: sopes1_1781280842107764421_2
[2026-06-12 10:14:01]   [3/5] Tipo: ALTO_RAM → roldyoran/go-client
[2026-06-12 10:14:01]   └─ ✓ Creado: sopes1_1781280842715164600_3
[2026-06-12 10:14:01]   [4/5] Tipo: BAJO → alpine sleep 240
[2026-06-12 10:14:01]   └─ ✓ Creado: sopes1_1781280843275122022_4
[2026-06-12 10:14:01]   [5/5] Tipo: ALTO_CPU → alpine + bucle bc
[2026-06-12 10:14:01]   └─ ✓ Creado: sopes1_1781280843815021142_5
[2026-06-12 10:14:01] ----------------------------------------
[2026-06-12 10:14:01] Resumen: 5 creados, 0 fallidos
[2026-06-12 10:14:01] Contenedores sopes1 activos ahora:
[2026-06-12 10:14:01] ========================================
[2026-06-12 10:16:01] ========================================
[2026-06-12 10:16:01] Iniciando creación de 5 contenedores...
[2026-06-12 10:16:01] ========================================
[2026-06-12 10:16:01]   [1/5] Tipo: BAJO → alpine sleep 240
[2026-06-12 10:16:01]   └─ ✓ Creado: sopes1_1781280961460031938_1
[2026-06-12 10:16:01]   [2/5] Tipo: BAJO → alpine sleep 240
[2026-06-12 10:16:01]   └─ ✓ Creado: sopes1_1781280962037855730_2
[2026-06-12 10:16:01]   [3/5] Tipo: ALTO_CPU → alpine + bucle bc
[2026-06-12 10:16:01]   └─ ✓ Creado: sopes1_1781280962586894985_3
[2026-06-12 10:16:01]   [4/5] Tipo: ALTO_CPU → alpine + bucle bc
[2026-06-12 10:16:01]   └─ ✓ Creado: sopes1_1781280963138712290_4
[2026-06-12 10:16:01]   [5/5] Tipo: ALTO_CPU → alpine + bucle bc
[2026-06-12 10:16:01]   └─ ✓ Creado: sopes1_1781280963682820294_5
[2026-06-12 10:16:01] ----------------------------------------
[2026-06-12 10:16:01] Resumen: 5 creados, 0 fallidos
[2026-06-12 10:16:01] Contenedores sopes1 activos ahora:
[2026-06-12 10:16:01] ========================================
[2026-06-12 10:18:01] ========================================
[2026-06-12 10:18:01] Iniciando creación de 5 contenedores...
[2026-06-12 10:18:01] ========================================
[2026-06-12 10:18:01]   [1/5] Tipo: ALTO_RAM → roldyoran/go-client
[2026-06-12 10:18:01]   └─ ✓ Creado: sopes1_1781281081328448795_1
[2026-06-12 10:18:01]   [2/5] Tipo: ALTO_RAM → roldyoran/go-client
[2026-06-12 10:18:01]   └─ ✓ Creado: sopes1_1781281081900286178_2
[2026-06-12 10:18:01]   [3/5] Tipo: ALTO_RAM → roldyoran/go-client
[2026-06-12 10:18:01]   └─ ✓ Creado: sopes1_1781281082458083557_3
[2026-06-12 10:18:01]   [4/5] Tipo: ALTO_RAM → roldyoran/go-client
[2026-06-12 10:18:01]   └─ ✓ Creado: sopes1_1781281083090057757_4
[2026-06-12 10:18:01]   [5/5] Tipo: ALTO_CPU → alpine + bucle bc
[2026-06-12 10:18:01]   └─ ✓ Creado: sopes1_1781281083658717990_5
[2026-06-12 10:18:01] ----------------------------------------
[2026-06-12 10:18:01] Resumen: 5 creados, 0 fallidos
[2026-06-12 10:18:01] Contenedores sopes1 activos ahora:
[2026-06-12 10:18:01] ========================================
